<?xml version="1.0" encoding="UTF-8" ?>
<testsuite tests="2" failures="0" name="TestSuite" time="0.866" errors="0" skipped="0">
  <properties>
    <property name="java.runtime.name" value="Java(TM) SE Runtime Environment"/>
    <property name="sun.boot.library.path" value="/Library/Java/JavaVirtualMachines/jdk1.8.0_111.jdk/Contents/Home/jre/lib"/>
    <property name="java.vm.version" value="25.111-b14"/>
    <property name="user.country.format" value="IN"/>
    <property name="gopherProxySet" value="false"/>
    <property name="java.vm.vendor" value="Oracle Corporation"/>
    <property name="java.vendor.url" value="http://java.oracle.com/"/>
    <property name="path.separator" value=":"/>
    <property name="java.vm.name" value="Java HotSpot(TM) 64-Bit Server VM"/>
    <property name="file.encoding.pkg" value="sun.io"/>
    <property name="user.country" value="US"/>
    <property name="sun.java.launcher" value="SUN_STANDARD"/>
    <property name="sun.os.patch.level" value="unknown"/>
    <property name="java.vm.specification.name" value="Java Virtual Machine Specification"/>
    <property name="user.dir" value="/Users/Shared/Jenkins/Documents/ewallet/Ewallet_devops/target"/>
    <property name="java.runtime.version" value="1.8.0_111-b14"/>
    <property name="java.awt.graphicsenv" value="sun.awt.CGraphicsEnvironment"/>
    <property name="basedir" value="/Users/Shared/Jenkins/Documents/ewallet/Ewallet_devops"/>
    <property name="java.endorsed.dirs" value="/Library/Java/JavaVirtualMachines/jdk1.8.0_111.jdk/Contents/Home/jre/lib/endorsed"/>
    <property name="os.arch" value="x86_64"/>
    <property name="surefire.real.class.path" value="/var/folders/r3/bgj44mwd4fz0dd8sn5jz2mgw00007q/T/surefirebooter1609153355025342967.jar"/>
    <property name="java.io.tmpdir" value="/var/folders/r3/bgj44mwd4fz0dd8sn5jz2mgw00007q/T/"/>
    <property name="line.separator" value="
"/>
    <property name="java.vm.specification.vendor" value="Oracle Corporation"/>
    <property name="deviceId" value="HTCONE"/>
    <property name="os.name" value="Mac OS X"/>
    <property name="sun.jnu.encoding" value="UTF-8"/>
    <property name="java.library.path" value="/Users/Shared/Jenkins/Library/Java/Extensions:/Library/Java/Extensions:/Network/Library/Java/Extensions:/System/Library/Java/Extensions:/usr/lib/java:."/>
    <property name="surefire.test.class.path" value="/Users/Shared/Jenkins/Documents/ewallet/Ewallet_devops/target/test-classes:/Users/Shared/Jenkins/Documents/ewallet/Ewallet_devops/target/classes:/Users/Shared/Jenkins/.m2/repository/org/apache/velocity/velocity/1.7/velocity-1.7.jar:/Users/Shared/Jenkins/.m2/repository/commons-collections/commons-collections/3.2.1/commons-collections-3.2.1.jar:/Users/Shared/Jenkins/.m2/repository/commons-lang/commons-lang/2.4/commons-lang-2.4.jar:/Users/Shared/Jenkins/.m2/repository/org/testng/testng/6.9.6/testng-6.9.6.jar:/Users/Shared/Jenkins/.m2/repository/com/google/inject/guice/4.0/guice-4.0-no_aop.jar:/Users/Shared/Jenkins/.m2/repository/javax/inject/javax.inject/1/javax.inject-1.jar:/Users/Shared/Jenkins/.m2/repository/aopalliance/aopalliance/1.0/aopalliance-1.0.jar:/Users/Shared/Jenkins/.m2/repository/com/google/guava/guava/16.0.1/guava-16.0.1.jar:/Users/Shared/Jenkins/.m2/repository/org/beanshell/bsh/2.0b4/bsh-2.0b4.jar:/Users/Shared/Jenkins/.m2/repository/org/apache/ant/ant/1.7.0/ant-1.7.0.jar:/Users/Shared/Jenkins/.m2/repository/org/apache/ant/ant-launcher/1.7.0/ant-launcher-1.7.0.jar:/Users/Shared/Jenkins/.m2/repository/com/beust/jcommander/1.48/jcommander-1.48.jar:/Users/Shared/Jenkins/.m2/repository/org/yaml/snakeyaml/1.15/snakeyaml-1.15.jar:/Users/Shared/Jenkins/.m2/repository/org/uncommons/reportng/1.1.2/reportng-1.1.2.jar:/Users/Shared/Jenkins/.m2/repository/velocity/velocity/1.4/velocity-1.4.jar:/Users/Shared/Jenkins/.m2/repository/velocity/velocity-dep/1.4/velocity-dep-1.4.jar:/Users/Shared/Jenkins/.m2/repository/junit/junit/4.11/junit-4.11.jar:/Users/Shared/Jenkins/.m2/repository/org/hamcrest/hamcrest-core/1.3/hamcrest-core-1.3.jar:/Users/Shared/Jenkins/.m2/repository/org/apache/maven/plugins/maven-clean-plugin/2.5/maven-clean-plugin-2.5.jar:/Users/Shared/Jenkins/.m2/repository/org/apache/maven/maven-plugin-api/2.0.6/maven-plugin-api-2.0.6.jar:/Users/Shared/Jenkins/.m2/repository/org/codehaus/plexus/plexus-utils/3.0/plexus-utils-3.0.jar:/Users/Shared/Jenkins/.m2/repository/org/apache/maven/plugins/maven-resources-plugin/2.6/maven-resources-plugin-2.6.jar:/Users/Shared/Jenkins/.m2/repository/org/apache/maven/maven-project/2.0.6/maven-project-2.0.6.jar:/Users/Shared/Jenkins/.m2/repository/org/apache/maven/maven-profile/2.0.6/maven-profile-2.0.6.jar:/Users/Shared/Jenkins/.m2/repository/org/apache/maven/maven-artifact-manager/2.0.6/maven-artifact-manager-2.0.6.jar:/Users/Shared/Jenkins/.m2/repository/org/apache/maven/maven-plugin-registry/2.0.6/maven-plugin-registry-2.0.6.jar:/Users/Shared/Jenkins/.m2/repository/org/apache/maven/maven-core/2.0.6/maven-core-2.0.6.jar:/Users/Shared/Jenkins/.m2/repository/org/apache/maven/wagon/wagon-file/1.0-beta-2/wagon-file-1.0-beta-2.jar:/Users/Shared/Jenkins/.m2/repository/org/apache/maven/maven-plugin-parameter-documenter/2.0.6/maven-plugin-parameter-documenter-2.0.6.jar:/Users/Shared/Jenkins/.m2/repository/org/apache/maven/wagon/wagon-http-lightweight/1.0-beta-2/wagon-http-lightweight-1.0-beta-2.jar:/Users/Shared/Jenkins/.m2/repository/org/apache/maven/wagon/wagon-http-shared/1.0-beta-2/wagon-http-shared-1.0-beta-2.jar:/Users/Shared/Jenkins/.m2/repository/jtidy/jtidy/4aug2000r7-dev/jtidy-4aug2000r7-dev.jar:/Users/Shared/Jenkins/.m2/repository/xml-apis/xml-apis/1.0.b2/xml-apis-1.0.b2.jar:/Users/Shared/Jenkins/.m2/repository/org/apache/maven/reporting/maven-reporting-api/2.0.6/maven-reporting-api-2.0.6.jar:/Users/Shared/Jenkins/.m2/repository/org/apache/maven/doxia/doxia-sink-api/1.0-alpha-7/doxia-sink-api-1.0-alpha-7.jar:/Users/Shared/Jenkins/.m2/repository/org/apache/maven/wagon/wagon-provider-api/1.0-beta-2/wagon-provider-api-1.0-beta-2.jar:/Users/Shared/Jenkins/.m2/repository/org/apache/maven/maven-repository-metadata/2.0.6/maven-repository-metadata-2.0.6.jar:/Users/Shared/Jenkins/.m2/repository/org/apache/maven/maven-error-diagnostics/2.0.6/maven-error-diagnostics-2.0.6.jar:/Users/Shared/Jenkins/.m2/repository/commons-cli/commons-cli/1.0/commons-cli-1.0.jar:/Users/Shared/Jenkins/.m2/repository/org/apache/maven/wagon/wagon-ssh-external/1.0-beta-2/wagon-ssh-external-1.0-beta-2.jar:/Users/Shared/Jenkins/.m2/repository/org/apache/maven/wagon/wagon-ssh-common/1.0-beta-2/wagon-ssh-common-1.0-beta-2.jar:/Users/Shared/Jenkins/.m2/repository/org/apache/maven/maven-plugin-descriptor/2.0.6/maven-plugin-descriptor-2.0.6.jar:/Users/Shared/Jenkins/.m2/repository/org/codehaus/plexus/plexus-interactivity-api/1.0-alpha-4/plexus-interactivity-api-1.0-alpha-4.jar:/Users/Shared/Jenkins/.m2/repository/org/apache/maven/wagon/wagon-ssh/1.0-beta-2/wagon-ssh-1.0-beta-2.jar:/Users/Shared/Jenkins/.m2/repository/com/jcraft/jsch/0.1.27/jsch-0.1.27.jar:/Users/Shared/Jenkins/.m2/repository/classworlds/classworlds/1.1/classworlds-1.1.jar:/Users/Shared/Jenkins/.m2/repository/org/apache/maven/maven-artifact/2.0.6/maven-artifact-2.0.6.jar:/Users/Shared/Jenkins/.m2/repository/org/apache/maven/maven-settings/2.0.6/maven-settings-2.0.6.jar:/Users/Shared/Jenkins/.m2/repository/org/apache/maven/maven-model/2.0.6/maven-model-2.0.6.jar:/Users/Shared/Jenkins/.m2/repository/org/apache/maven/maven-monitor/2.0.6/maven-monitor-2.0.6.jar:/Users/Shared/Jenkins/.m2/repository/org/codehaus/plexus/plexus-container-default/1.0-alpha-9-stable-1/plexus-container-default-1.0-alpha-9-stable-1.jar:/Users/Shared/Jenkins/.m2/repository/org/apache/maven/shared/maven-filtering/1.1/maven-filtering-1.1.jar:/Users/Shared/Jenkins/.m2/repository/org/sonatype/plexus/plexus-build-api/0.0.4/plexus-build-api-0.0.4.jar:/Users/Shared/Jenkins/.m2/repository/org/codehaus/plexus/plexus-interpolation/1.13/plexus-interpolation-1.13.jar:/Users/Shared/Jenkins/.m2/repository/javax/servlet/javax.servlet-api/3.1.0/javax.servlet-api-3.1.0.jar:/Users/Shared/Jenkins/.m2/repository/mysql/mysql-connector-java/5.1.39/mysql-connector-java-5.1.39.jar:/Users/Shared/Jenkins/.m2/repository/log4j/log4j/1.2.17/log4j-1.2.17.jar:"/>
    <property name="java.specification.name" value="Java Platform API Specification"/>
    <property name="java.class.version" value="52.0"/>
    <property name="sun.management.compiler" value="HotSpot 64-Bit Tiered Compilers"/>
    <property name="os.version" value="10.10.5"/>
    <property name="user.home" value="/Users/Shared/Jenkins"/>
    <property name="user.timezone" value="Asia/Kolkata"/>
    <property name="java.awt.printerjob" value="sun.lwawt.macosx.CPrinterJob"/>
    <property name="java.specification.version" value="1.8"/>
    <property name="file.encoding" value="UTF-8"/>
    <property name="user.name" value="jenkins"/>
    <property name="java.class.path" value="/Users/Shared/Jenkins/Documents/ewallet/Ewallet_devops/target/test-classes:/Users/Shared/Jenkins/Documents/ewallet/Ewallet_devops/target/classes:/Users/Shared/Jenkins/.m2/repository/org/apache/velocity/velocity/1.7/velocity-1.7.jar:/Users/Shared/Jenkins/.m2/repository/commons-collections/commons-collections/3.2.1/commons-collections-3.2.1.jar:/Users/Shared/Jenkins/.m2/repository/commons-lang/commons-lang/2.4/commons-lang-2.4.jar:/Users/Shared/Jenkins/.m2/repository/org/testng/testng/6.9.6/testng-6.9.6.jar:/Users/Shared/Jenkins/.m2/repository/com/google/inject/guice/4.0/guice-4.0-no_aop.jar:/Users/Shared/Jenkins/.m2/repository/javax/inject/javax.inject/1/javax.inject-1.jar:/Users/Shared/Jenkins/.m2/repository/aopalliance/aopalliance/1.0/aopalliance-1.0.jar:/Users/Shared/Jenkins/.m2/repository/com/google/guava/guava/16.0.1/guava-16.0.1.jar:/Users/Shared/Jenkins/.m2/repository/org/beanshell/bsh/2.0b4/bsh-2.0b4.jar:/Users/Shared/Jenkins/.m2/repository/org/apache/ant/ant/1.7.0/ant-1.7.0.jar:/Users/Shared/Jenkins/.m2/repository/org/apache/ant/ant-launcher/1.7.0/ant-launcher-1.7.0.jar:/Users/Shared/Jenkins/.m2/repository/com/beust/jcommander/1.48/jcommander-1.48.jar:/Users/Shared/Jenkins/.m2/repository/org/yaml/snakeyaml/1.15/snakeyaml-1.15.jar:/Users/Shared/Jenkins/.m2/repository/org/uncommons/reportng/1.1.2/reportng-1.1.2.jar:/Users/Shared/Jenkins/.m2/repository/velocity/velocity/1.4/velocity-1.4.jar:/Users/Shared/Jenkins/.m2/repository/velocity/velocity-dep/1.4/velocity-dep-1.4.jar:/Users/Shared/Jenkins/.m2/repository/junit/junit/4.11/junit-4.11.jar:/Users/Shared/Jenkins/.m2/repository/org/hamcrest/hamcrest-core/1.3/hamcrest-core-1.3.jar:/Users/Shared/Jenkins/.m2/repository/org/apache/maven/plugins/maven-clean-plugin/2.5/maven-clean-plugin-2.5.jar:/Users/Shared/Jenkins/.m2/repository/org/apache/maven/maven-plugin-api/2.0.6/maven-plugin-api-2.0.6.jar:/Users/Shared/Jenkins/.m2/repository/org/codehaus/plexus/plexus-utils/3.0/plexus-utils-3.0.jar:/Users/Shared/Jenkins/.m2/repository/org/apache/maven/plugins/maven-resources-plugin/2.6/maven-resources-plugin-2.6.jar:/Users/Shared/Jenkins/.m2/repository/org/apache/maven/maven-project/2.0.6/maven-project-2.0.6.jar:/Users/Shared/Jenkins/.m2/repository/org/apache/maven/maven-profile/2.0.6/maven-profile-2.0.6.jar:/Users/Shared/Jenkins/.m2/repository/org/apache/maven/maven-artifact-manager/2.0.6/maven-artifact-manager-2.0.6.jar:/Users/Shared/Jenkins/.m2/repository/org/apache/maven/maven-plugin-registry/2.0.6/maven-plugin-registry-2.0.6.jar:/Users/Shared/Jenkins/.m2/repository/org/apache/maven/maven-core/2.0.6/maven-core-2.0.6.jar:/Users/Shared/Jenkins/.m2/repository/org/apache/maven/wagon/wagon-file/1.0-beta-2/wagon-file-1.0-beta-2.jar:/Users/Shared/Jenkins/.m2/repository/org/apache/maven/maven-plugin-parameter-documenter/2.0.6/maven-plugin-parameter-documenter-2.0.6.jar:/Users/Shared/Jenkins/.m2/repository/org/apache/maven/wagon/wagon-http-lightweight/1.0-beta-2/wagon-http-lightweight-1.0-beta-2.jar:/Users/Shared/Jenkins/.m2/repository/org/apache/maven/wagon/wagon-http-shared/1.0-beta-2/wagon-http-shared-1.0-beta-2.jar:/Users/Shared/Jenkins/.m2/repository/jtidy/jtidy/4aug2000r7-dev/jtidy-4aug2000r7-dev.jar:/Users/Shared/Jenkins/.m2/repository/xml-apis/xml-apis/1.0.b2/xml-apis-1.0.b2.jar:/Users/Shared/Jenkins/.m2/repository/org/apache/maven/reporting/maven-reporting-api/2.0.6/maven-reporting-api-2.0.6.jar:/Users/Shared/Jenkins/.m2/repository/org/apache/maven/doxia/doxia-sink-api/1.0-alpha-7/doxia-sink-api-1.0-alpha-7.jar:/Users/Shared/Jenkins/.m2/repository/org/apache/maven/wagon/wagon-provider-api/1.0-beta-2/wagon-provider-api-1.0-beta-2.jar:/Users/Shared/Jenkins/.m2/repository/org/apache/maven/maven-repository-metadata/2.0.6/maven-repository-metadata-2.0.6.jar:/Users/Shared/Jenkins/.m2/repository/org/apache/maven/maven-error-diagnostics/2.0.6/maven-error-diagnostics-2.0.6.jar:/Users/Shared/Jenkins/.m2/repository/commons-cli/commons-cli/1.0/commons-cli-1.0.jar:/Users/Shared/Jenkins/.m2/repository/org/apache/maven/wagon/wagon-ssh-external/1.0-beta-2/wagon-ssh-external-1.0-beta-2.jar:/Users/Shared/Jenkins/.m2/repository/org/apache/maven/wagon/wagon-ssh-common/1.0-beta-2/wagon-ssh-common-1.0-beta-2.jar:/Users/Shared/Jenkins/.m2/repository/org/apache/maven/maven-plugin-descriptor/2.0.6/maven-plugin-descriptor-2.0.6.jar:/Users/Shared/Jenkins/.m2/repository/org/codehaus/plexus/plexus-interactivity-api/1.0-alpha-4/plexus-interactivity-api-1.0-alpha-4.jar:/Users/Shared/Jenkins/.m2/repository/org/apache/maven/wagon/wagon-ssh/1.0-beta-2/wagon-ssh-1.0-beta-2.jar:/Users/Shared/Jenkins/.m2/repository/com/jcraft/jsch/0.1.27/jsch-0.1.27.jar:/Users/Shared/Jenkins/.m2/repository/classworlds/classworlds/1.1/classworlds-1.1.jar:/Users/Shared/Jenkins/.m2/repository/org/apache/maven/maven-artifact/2.0.6/maven-artifact-2.0.6.jar:/Users/Shared/Jenkins/.m2/repository/org/apache/maven/maven-settings/2.0.6/maven-settings-2.0.6.jar:/Users/Shared/Jenkins/.m2/repository/org/apache/maven/maven-model/2.0.6/maven-model-2.0.6.jar:/Users/Shared/Jenkins/.m2/repository/org/apache/maven/maven-monitor/2.0.6/maven-monitor-2.0.6.jar:/Users/Shared/Jenkins/.m2/repository/org/codehaus/plexus/plexus-container-default/1.0-alpha-9-stable-1/plexus-container-default-1.0-alpha-9-stable-1.jar:/Users/Shared/Jenkins/.m2/repository/org/apache/maven/shared/maven-filtering/1.1/maven-filtering-1.1.jar:/Users/Shared/Jenkins/.m2/repository/org/sonatype/plexus/plexus-build-api/0.0.4/plexus-build-api-0.0.4.jar:/Users/Shared/Jenkins/.m2/repository/org/codehaus/plexus/plexus-interpolation/1.13/plexus-interpolation-1.13.jar:/Users/Shared/Jenkins/.m2/repository/javax/servlet/javax.servlet-api/3.1.0/javax.servlet-api-3.1.0.jar:/Users/Shared/Jenkins/.m2/repository/mysql/mysql-connector-java/5.1.39/mysql-connector-java-5.1.39.jar:/Users/Shared/Jenkins/.m2/repository/log4j/log4j/1.2.17/log4j-1.2.17.jar:"/>
    <property name="java.vm.specification.version" value="1.8"/>
    <property name="sun.arch.data.model" value="64"/>
    <property name="java.home" value="/Library/Java/JavaVirtualMachines/jdk1.8.0_111.jdk/Contents/Home/jre"/>
    <property name="sun.java.command" value="/var/folders/r3/bgj44mwd4fz0dd8sn5jz2mgw00007q/T/surefirebooter1609153355025342967.jar /var/folders/r3/bgj44mwd4fz0dd8sn5jz2mgw00007q/T/surefire3160471073867440881tmp /var/folders/r3/bgj44mwd4fz0dd8sn5jz2mgw00007q/T/surefire5514631988269566536tmp"/>
    <property name="java.specification.vendor" value="Oracle Corporation"/>
    <property name="user.language" value="en"/>
    <property name="awt.toolkit" value="sun.lwawt.macosx.LWCToolkit"/>
    <property name="java.vm.info" value="mixed mode"/>
    <property name="java.version" value="1.8.0_111"/>
    <property name="java.ext.dirs" value="/Users/Shared/Jenkins/Library/Java/Extensions:/Library/Java/JavaVirtualMachines/jdk1.8.0_111.jdk/Contents/Home/jre/lib/ext:/Library/Java/Extensions:/Network/Library/Java/Extensions:/System/Library/Java/Extensions:/usr/lib/java"/>
    <property name="sun.boot.class.path" value="/Library/Java/JavaVirtualMachines/jdk1.8.0_111.jdk/Contents/Home/jre/lib/resources.jar:/Library/Java/JavaVirtualMachines/jdk1.8.0_111.jdk/Contents/Home/jre/lib/rt.jar:/Library/Java/JavaVirtualMachines/jdk1.8.0_111.jdk/Contents/Home/jre/lib/sunrsasign.jar:/Library/Java/JavaVirtualMachines/jdk1.8.0_111.jdk/Contents/Home/jre/lib/jsse.jar:/Library/Java/JavaVirtualMachines/jdk1.8.0_111.jdk/Contents/Home/jre/lib/jce.jar:/Library/Java/JavaVirtualMachines/jdk1.8.0_111.jdk/Contents/Home/jre/lib/charsets.jar:/Library/Java/JavaVirtualMachines/jdk1.8.0_111.jdk/Contents/Home/jre/lib/jfr.jar:/Library/Java/JavaVirtualMachines/jdk1.8.0_111.jdk/Contents/Home/jre/classes"/>
    <property name="java.vendor" value="Oracle Corporation"/>
    <property name="org.uncommons.reportng.escape-output" value="false"/>
    <property name="localRepository" value="/Users/Shared/Jenkins/.m2/repository"/>
    <property name="file.separator" value="/"/>
    <property name="java.vendor.url.bug" value="http://bugreport.sun.com/bugreport/"/>
    <property name="sun.cpu.endian" value="little"/>
    <property name="sun.io.unicode.encoding" value="UnicodeBig"/>
    <property name="sun.cpu.isalist" value=""/>
  </properties>
  <testcase classname="dao.TestLogin" name="loginFail" time="0.489"/>
  <testcase classname="dao.TestLogin" name="loginSuccess" time="0.008"/>
</testsuite>